<?xml version="1.0" encoding="UTF-8" ?>
<testsuite tests="4" failures="1" name="com.mycompany.calculadora.CalculadoraJUNITTESTTest" time="0.043" errors="0" skipped="0">
  <properties>
    <property name="java.runtime.name" value="Java(TM) SE Runtime Environment"/>
    <property name="java.vm.version" value="19.0.2+7-44"/>
    <property name="sun.boot.library.path" value="D:\jdk\bin"/>
    <property name="maven.multiModuleProjectDirectory" value="C:\Users\lucas\Desktop\calculadora"/>
    <property name="java.vm.vendor" value="Oracle Corporation"/>
    <property name="java.vendor.url" value="https://java.oracle.com/"/>
    <property name="guice.disable.misplaced.annotation.check" value="true"/>
    <property name="path.separator" value=";"/>
    <property name="java.vm.name" value="Java HotSpot(TM) 64-Bit Server VM"/>
    <property name="sun.os.patch.level" value=""/>
    <property name="user.script" value=""/>
    <property name="user.country" value="BR"/>
    <property name="sun.java.launcher" value="SUN_STANDARD"/>
    <property name="test" value="com.mycompany.calculadora.CalculadoraJUNITTESTTest"/>
    <property name="java.vm.specification.name" value="Java Virtual Machine Specification"/>
    <property name="user.dir" value="C:\Users\lucas\Desktop\calculadora"/>
    <property name="java.vm.compressedOopsMode" value="32-bit"/>
    <property name="java.runtime.version" value="19.0.2+7-44"/>
    <property name="os.arch" value="amd64"/>
    <property name="java.io.tmpdir" value="C:\Users\lucas\AppData\Local\Temp\"/>
    <property name="line.separator" value="
"/>
    <property name="java.vm.specification.vendor" value="Oracle Corporation"/>
    <property name="user.variant" value=""/>
    <property name="stderr.encoding" value="Cp1252"/>
    <property name="os.name" value="Windows 11"/>
    <property name="maven.ext.class.path" value="D:\NetBeans\NetBeans-17\netbeans\java\maven-nblib\netbeans-eventspy.jar"/>
    <property name="classworlds.conf" value="D:\NetBeans\NetBeans-17\netbeans\java\maven\bin\m2.conf"/>
    <property name="sun.jnu.encoding" value="Cp1252"/>
    <property name="stdout.encoding" value="Cp1252"/>
    <property name="java.library.path" value="D:\jdk\bin;C:\Windows\Sun\Java\bin;C:\Windows\system32;C:\Windows;C:\Program Files\Common Files\Oracle\Java\javapath;C:\Program Files\Eclipse Adoptium\jdk-17.0.5.8-hotspot\bin;C:\Windows\system32;C:\Windows;C:\Windows\System32\Wbem;C:\Windows\System32\WindowsPowerShell\v1.0\;C:\Windows\System32\OpenSSH\;C:\Program Files\MySQL\MySQL Shell 8.0\bin\;C:\Users\lucas\AppData\Local\Microsoft\WindowsApps;;C:\Users\lucas\AppData\Local\Programs\Microsoft VS Code\bin;."/>
    <property name="maven.conf" value="D:\NetBeans\NetBeans-17\netbeans\java\maven/conf"/>
    <property name="jdk.debug" value="release"/>
    <property name="java.class.version" value="63.0"/>
    <property name="java.specification.name" value="Java Platform API Specification"/>
    <property name="sun.management.compiler" value="HotSpot 64-Bit Tiered Compilers"/>
    <property name="os.version" value="10.0"/>
    <property name="library.jansi.path" value="D:\NetBeans\NetBeans-17\netbeans\java\maven\lib\jansi-native"/>
    <property name="user.home" value="C:\Users\lucas"/>
    <property name="user.timezone" value="America/Sao_Paulo"/>
    <property name="file.encoding" value="UTF-8"/>
    <property name="java.specification.version" value="19"/>
    <property name="user.name" value="lucas"/>
    <property name="java.class.path" value="D:\NetBeans\NetBeans-17\netbeans\java\maven\boot\plexus-classworlds-2.6.0.jar"/>
    <property name="java.vm.specification.version" value="19"/>
    <property name="sun.arch.data.model" value="64"/>
    <property name="sun.java.command" value="org.codehaus.plexus.classworlds.launcher.Launcher -Dtest=com.mycompany.calculadora.CalculadoraJUNITTESTTest -Dmaven.ext.class.path=D:\NetBeans\NetBeans-17\netbeans\java\maven-nblib\netbeans-eventspy.jar --no-transfer-progress surefire:test"/>
    <property name="java.home" value="D:\jdk"/>
    <property name="user.language" value="pt"/>
    <property name="java.specification.vendor" value="Oracle Corporation"/>
    <property name="java.vm.info" value="mixed mode, sharing"/>
    <property name="java.version" value="19.0.2"/>
    <property name="native.encoding" value="Cp1252"/>
    <property name="java.vendor" value="Oracle Corporation"/>
    <property name="maven.home" value="D:\NetBeans\NetBeans-17\netbeans\java\maven"/>
    <property name="file.separator" value="\"/>
    <property name="java.version.date" value="2023-01-17"/>
    <property name="java.vendor.url.bug" value="https://bugreport.java.com/bugreport/"/>
    <property name="sun.io.unicode.encoding" value="UnicodeLittle"/>
    <property name="sun.cpu.endian" value="little"/>
    <property name="sun.cpu.isalist" value="amd64"/>
  </properties>
  <testcase classname="com.mycompany.calculadora.CalculadoraJUNITTESTTest" name="com.mycompany.calculadora.CalculadoraJUNITTESTTest.testDivisao" time="0.043">
    <failure message="Expected java.lang.ArithmeticException to be thrown, but nothing was thrown." type="org.opentest4j.AssertionFailedError">org.opentest4j.AssertionFailedError: Expected java.lang.ArithmeticException to be thrown, but nothing was thrown.
	at org.junit.jupiter.api.AssertThrows.assertThrows(AssertThrows.java:71)
	at org.junit.jupiter.api.AssertThrows.assertThrows(AssertThrows.java:37)
	at org.junit.jupiter.api.Assertions.assertThrows(Assertions.java:2952)
	at com.mycompany.calculadora.CalculadoraJUNITTESTTest.testDivisao(CalculadoraJUNITTESTTest.java:61)
</failure>
  </testcase>
  <testcase classname="com.mycompany.calculadora.CalculadoraJUNITTESTTest" name="com.mycompany.calculadora.CalculadoraJUNITTESTTest.testMultiplicacao" time="0"/>
  <testcase classname="com.mycompany.calculadora.CalculadoraJUNITTESTTest" name="com.mycompany.calculadora.CalculadoraJUNITTESTTest.testSoma" time="0"/>
  <testcase classname="com.mycompany.calculadora.CalculadoraJUNITTESTTest" name="com.mycompany.calculadora.CalculadoraJUNITTESTTest.testSubtracao" time="0"/>
</testsuite>